<?xml version="1.0" encoding="UTF-8"?>
<!-- Generated by org.testng.reporters.JUnitReportReporter -->
<testsuite hostname="LAPTOP-QV2JC6F2" failures="0" tests="1" name="Selenium.exampleurl" time="3.113" errors="0" timestamp="2022-04-24T22:05:49 EDT" skipped="0">
  <testcase classname="Selenium.exampleurl" name="facebook" time="3.113"/>
  <system-out/>
</testsuite> <!-- Selenium.exampleurl -->
