<?xml version="1.0" encoding="UTF-8"?>
<!-- Generated by org.testng.reporters.JUnitReportReporter -->
<testsuite hostname="LAPTOP-QV2JC6F2" failures="0" tests="1" name="com.crowdstrike.test.CreateAccountTest" time="31.349" errors="0" timestamp="2022-05-21T15:41:49 EDT" skipped="0">
  <testcase classname="com.crowdstrike.test.CreateAccountTest" name="createNewUser" time="31.349"/>
  <system-out/>
</testsuite> <!-- com.crowdstrike.test.CreateAccountTest -->
