<?xml version="1.0" encoding="UTF-8"?>
<!-- Generated by org.testng.reporters.JUnitReportReporter -->
<testsuite hostname="LAPTOP-QV2JC6F2" failures="0" tests="2" name="Selenium.App" time="9.311" errors="0" timestamp="2022-04-24T17:11:57 EDT" skipped="0">
  <testcase classname="Selenium.App" name="test" time="9.308"/>
  <system-out/>
  <testcase classname="Selenium.App" name="driverInvocation" time="0.003"/>
  <system-out/>
</testsuite> <!-- Selenium.App -->
